<?xml version="1.0" encoding="UTF-8"?>
<!-- Generated by org.testng.reporters.JUnitReportReporter -->
<testsuite hostname="DESKTOP-CQ97F7S" failures="0" tests="1" name="testng.ManageExpensePageTesting" time="5.488" errors="0" timestamp="2024-02-09T21:01:18 IST" skipped="0">
  <testcase classname="testng.ManageExpensePageTesting" name="ManageExpenseTest" time="5.488"/>
</testsuite> <!-- testng.ManageExpensePageTesting -->
