<?xml version="1.0" encoding="UTF-8"?>
<!-- Generated by org.testng.reporters.JUnitReportReporter -->
<testsuite hostname="DESKTOP-CQ97F7S" failures="0" tests="1" name="testng.ManageOrdersTestingUsingPagefactory" time="11.405" errors="0" timestamp="2024-01-31T18:54:54 IST" skipped="0">
  <testcase classname="testng.ManageOrdersTestingUsingPagefactory" name="ManageOrders" time="11.405"/>
</testsuite> <!-- testng.ManageOrdersTestingUsingPagefactory -->
