<?xml version="1.0" encoding="UTF-8"?>
<!-- Generated by org.testng.reporters.JUnitReportReporter -->
<testsuite hostname="DESKTOP-CQ97F7S" failures="0" tests="1" name="testng.LoginPageTesting" time="5.504" errors="0" timestamp="2024-02-12T14:28:59 IST" skipped="0">
  <testcase classname="testng.LoginPageTesting" name="Login" time="5.504"/>
</testsuite> <!-- testng.LoginPageTesting -->
