<?xml version="1.0" encoding="UTF-8"?>
<!-- Generated by org.testng.reporters.JUnitReportReporter -->
<testsuite hostname="DESKTOP-CQ97F7S" failures="0" tests="1" name="testng.ProductListPageTesting" time="14.127" errors="0" timestamp="2024-02-02T21:39:23 IST" skipped="0">
  <testcase classname="testng.ProductListPageTesting" name="ProductLists" time="14.127"/>
</testsuite> <!-- testng.ProductListPageTesting -->
