<?xml version="1.0" encoding="UTF-8"?>
<!-- Generated by org.testng.reporters.JUnitReportReporter -->
<testsuite hostname="DESKTOP-CQ97F7S" failures="0" tests="1" name="testng.LoginPageTestUsingPageFactory" time="5.927" errors="0" timestamp="2024-01-25T21:22:30 IST" skipped="0">
  <testcase classname="testng.LoginPageTestUsingPageFactory" name="Login" time="5.927"/>
</testsuite> <!-- testng.LoginPageTestUsingPageFactory -->
