<?xml version="1.0" encoding="UTF-8"?>
<!-- Generated by org.testng.reporters.JUnitReportReporter -->
<testsuite hostname="DESKTOP-CQ97F7S" failures="0" tests="1" name="testng.ScreenshotTesting" time="6.741" errors="0" timestamp="2024-02-12T14:20:28 IST" skipped="0">
  <testcase classname="testng.ScreenshotTesting" name="Screenshot" time="6.741"/>
</testsuite> <!-- testng.ScreenshotTesting -->
