<?xml version="1.0" encoding="UTF-8"?>
<!-- Generated by org.testng.reporters.JUnitReportReporter -->
<testsuite hostname="DESKTOP-CQ97F7S" failures="0" tests="1" name="testing.LoginPageTesting" time="6.540" errors="0" timestamp="2024-01-23T15:04:46 IST" skipped="0">
  <testcase classname="testing.LoginPageTesting" name="Login" time="6.540"/>
</testsuite> <!-- testing.LoginPageTesting -->
