<?xml version="1.0" encoding="UTF-8"?>
<!-- Generated by org.testng.reporters.JUnitReportReporter -->
<testsuite hostname="DESKTOP-CQ97F7S" failures="0" tests="2" name="testng.CrossBrowsing" time="12.017" errors="0" timestamp="2024-02-12T15:01:02 IST" skipped="0">
  <testcase classname="testng.CrossBrowsing" name="Login" time="5.493"/>
  <testcase classname="testng.CrossBrowsing" name="Login" time="6.524"/>
</testsuite> <!-- testng.CrossBrowsing -->
