<?xml version="1.0" encoding="UTF-8"?>
<!-- Generated by org.testng.reporters.JUnitReportReporter -->
<testsuite hostname="DESKTOP-CQ97F7S" failures="0" tests="1" name="testng.ManageOrdersPageTesting" time="10.113" errors="0" timestamp="2024-02-06T09:55:31 IST" skipped="0">
  <testcase classname="testng.ManageOrdersPageTesting" name="Search" time="10.113"/>
</testsuite> <!-- testng.ManageOrdersPageTesting -->
