<?xml version="1.0" encoding="UTF-8"?>
<!-- Generated by org.testng.reporters.JUnitReportReporter -->
<testsuite hostname="DESKTOP-CQ97F7S" failures="0" tests="1" name="testng.FileUploadingTest" time="8.570" errors="0" timestamp="2024-02-13T21:14:42 IST" skipped="0">
  <testcase classname="testng.FileUploadingTest" name="FileUpload" time="8.570"/>
</testsuite> <!-- testng.FileUploadingTest -->
