<?xml version="1.0" encoding="UTF-8"?>
<!-- Generated by org.testng.reporters.JUnitReportReporter -->
<testsuite hostname="DESKTOP-CQ97F7S" failures="0" tests="1" name="testng.UpdateStatusOrderTesting" time="25.477" errors="0" timestamp="2024-02-12T14:12:31 IST" skipped="0">
  <testcase classname="testng.UpdateStatusOrderTesting" name="UpdateStatusTest" time="25.477"/>
</testsuite> <!-- testng.UpdateStatusOrderTesting -->
