<?xml version="1.0" encoding="UTF-8"?>
<!-- Generated by org.testng.reporters.JUnitReportReporter -->
<testsuite hostname="DESKTOP-CQ97F7S" failures="0" tests="1" name="testng.SearchPageTesting" time="11.574" errors="0" timestamp="2024-02-06T09:50:22 IST" skipped="0">
  <testcase classname="testng.SearchPageTesting" name="Search" time="11.574"/>
</testsuite> <!-- testng.SearchPageTesting -->
